<?xml version="1.0" encoding="UTF-8"?>
<!-- Generated by org.testng.reporters.JUnitReportReporter -->
<testsuite skipped="1" hostname="SSTLAP028" name="testLms.NewTest" tests="2" failures="0" timestamp="08 Oct 2020 11:34:30 GMT" time="46.879" errors="0">
  <testcase name="submitTimesheet" time="46.879" classname="testLms.NewTest"/>
  <testcase name="testRun" classname="testLms.NewTest">
    <skipped/>
  </testcase> <!-- testRun -->
</testsuite> <!-- testLms.NewTest -->
