<?xml version="1.0" encoding="UTF-8"?>
<!-- Generated by org.testng.reporters.JUnitReportReporter -->
<testsuite skipped="1" hostname="SSTLAP028" name="testLms.NewTest" tests="2" failures="0" timestamp="21 Oct 2020 14:07:50 GMT" time="35.337" errors="0">
  <testcase name="submitTimesheet" time="35.337" classname="testLms.NewTest"/>
  <testcase name="testRun" classname="testLms.NewTest">
    <skipped/>
  </testcase> <!-- testRun -->
</testsuite> <!-- testLms.NewTest -->
